{"C:\\Users\\HP\\Desktop\\Now projects\\Andela\\Real-BrandBackend\\ntirushwaBrand-bn\\passport-config.ts": {"path":"C:\\Users\\HP\\Desktop\\Now projects\\Andela\\Real-BrandBackend\\ntirushwaBrand-bn\\passport-config.ts","statementMap":{"0":{"start":{"line":1,"column":20},"end":{"line":1,"column":52}},"1":{"start":{"line":2,"column":19},"end":{"line":2,"column":53}},"2":{"start":{"line":3,"column":0},"end":{"line":3,"column":46}},"3":{"start":{"line":5,"column":13},"end":{"line":8,"column":2}},"4":{"start":{"line":10,"column":0},"end":{"line":20,"column":2}},"5":{"start":{"line":11,"column":2},"end":{"line":19,"column":4}},"6":{"start":{"line":12,"column":54},"end":{"line":18,"column":6}},"7":{"start":{"line":13,"column":17},"end":{"line":13,"column":53}},"8":{"start":{"line":14,"column":6},"end":{"line":16,"column":null}},"9":{"start":{"line":15,"column":8},"end":{"line":15,"column":32}},"10":{"start":{"line":17,"column":6},"end":{"line":17,"column":31}}},"fnMap":{"0":{"name":"(anonymous_7)","decl":{"start":{"line":10,"column":17},"end":{"line":10,"column":18}},"loc":{"start":{"line":10,"column":30},"end":{"line":20,"column":1}}},"1":{"name":"(anonymous_8)","decl":{"start":{"line":12,"column":26},"end":{"line":12,"column":33}},"loc":{"start":{"line":12,"column":54},"end":{"line":18,"column":6}}},"2":{"name":"(anonymous_9)","decl":{"start":{"line":12,"column":54},"end":{"line":12,"column":null}},"loc":{"start":{"line":12,"column":54},"end":{"line":18,"column":5}}}},"branchMap":{"0":{"loc":{"start":{"line":14,"column":6},"end":{"line":16,"column":null}},"type":"if","locations":[{"start":{"line":14,"column":6},"end":{"line":16,"column":null}}]}},"s":{"0":1,"1":1,"2":1,"3":1,"4":1,"5":1,"6":0,"7":0,"8":0,"9":0,"10":0},"f":{"0":1,"1":0,"2":0},"b":{"0":[0]}}
,"C:\\Users\\HP\\Desktop\\Now projects\\Andela\\Real-BrandBackend\\ntirushwaBrand-bn\\src\\app.ts": {"path":"C:\\Users\\HP\\Desktop\\Now projects\\Andela\\Real-BrandBackend\\ntirushwaBrand-bn\\src\\app.ts","statementMap":{"0":{"start":{"line":1,"column":0},"end":{"line":1,"column":53}},"1":{"start":{"line":2,"column":0},"end":{"line":2,"column":57}},"2":{"start":{"line":3,"column":0},"end":{"line":3,"column":50}},"3":{"start":{"line":4,"column":0},"end":{"line":4,"column":62}},"4":{"start":{"line":5,"column":0},"end":{"line":5,"column":68}},"5":{"start":{"line":6,"column":0},"end":{"line":6,"column":57}},"6":{"start":{"line":7,"column":0},"end":{"line":7,"column":65}},"7":{"start":{"line":8,"column":0},"end":{"line":8,"column":43}},"8":{"start":{"line":9,"column":0},"end":{"line":9,"column":48}},"9":{"start":{"line":10,"column":0},"end":{"line":10,"column":32}},"10":{"start":{"line":11,"column":0},"end":{"line":11,"column":32}},"11":{"start":{"line":12,"column":0},"end":{"line":12,"column":24}},"12":{"start":{"line":14,"column":0},"end":{"line":14,"column":40}},"13":{"start":{"line":16,"column":13},"end":{"line":16,"column":29}},"14":{"start":{"line":18,"column":0},"end":{"line":24,"column":2}},"15":{"start":{"line":26,"column":0},"end":{"line":26,"column":24}},"16":{"start":{"line":29,"column":0},"end":{"line":29,"column":28}},"17":{"start":{"line":32,"column":0},"end":{"line":32,"column":40}},"18":{"start":{"line":33,"column":0},"end":{"line":33,"column":43}},"19":{"start":{"line":36,"column":0},"end":{"line":36,"column":40}},"20":{"start":{"line":40,"column":0},"end":{"line":40,"column":36}},"21":{"start":{"line":42,"column":0},"end":{"line":42,"column":64}},"22":{"start":{"line":48,"column":0},"end":{"line":48,"column":22}},"23":{"start":{"line":50,"column":0},"end":{"line":50,"column":19}}},"fnMap":{},"branchMap":{},"s":{"0":1,"1":1,"2":1,"3":1,"4":1,"5":1,"6":1,"7":1,"8":1,"9":1,"10":1,"11":1,"12":1,"13":1,"14":1,"15":1,"16":1,"17":1,"18":1,"19":1,"20":1,"21":1,"22":1,"23":1},"f":{},"b":{}}
,"C:\\Users\\HP\\Desktop\\Now projects\\Andela\\Real-BrandBackend\\ntirushwaBrand-bn\\src\\controllers\\comment.ts": {"path":"C:\\Users\\HP\\Desktop\\Now projects\\Andela\\Real-BrandBackend\\ntirushwaBrand-bn\\src\\controllers\\comment.ts","statementMap":{"0":{"start":{"line":3,"column":0},"end":{"line":3,"column":49}},"1":{"start":{"line":4,"column":0},"end":{"line":4,"column":45}},"2":{"start":{"line":15,"column":29},"end":{"line":43,"column":2}},"3":{"start":{"line":15,"column":67},"end":{"line":43,"column":2}},"4":{"start":{"line":16,"column":2},"end":{"line":42,"column":null}},"5":{"start":{"line":17,"column":17},"end":{"line":17,"column":57}},"6":{"start":{"line":18,"column":4},"end":{"line":18,"column":70}},"7":{"start":{"line":18,"column":15},"end":{"line":18,"column":70}},"8":{"start":{"line":19,"column":23},"end":{"line":23,"column":6}},"9":{"start":{"line":24,"column":4},"end":{"line":24,"column":39}},"10":{"start":{"line":25,"column":4},"end":{"line":25,"column":22}},"11":{"start":{"line":26,"column":4},"end":{"line":26,"column":28}},"12":{"start":{"line":27,"column":23},"end":{"line":34,"column":6}},"13":{"start":{"line":35,"column":4},"end":{"line":37,"column":64}},"14":{"start":{"line":39,"column":4},"end":{"line":39,"column":21}},"15":{"start":{"line":40,"column":4},"end":{"line":40,"column":20}},"16":{"start":{"line":41,"column":4},"end":{"line":41,"column":67}},"17":{"start":{"line":15,"column":13},"end":{"line":15,"column":29}},"18":{"start":{"line":45,"column":29},"end":{"line":66,"column":2}},"19":{"start":{"line":49,"column":4},"end":{"line":66,"column":2}},"20":{"start":{"line":50,"column":2},"end":{"line":50,"column":37}},"21":{"start":{"line":51,"column":2},"end":{"line":65,"column":null}},"22":{"start":{"line":52,"column":17},"end":{"line":52,"column":62}},"23":{"start":{"line":53,"column":4},"end":{"line":57,"column":null}},"24":{"start":{"line":54,"column":6},"end":{"line":56,"column":61}},"25":{"start":{"line":58,"column":4},"end":{"line":58,"column":36}},"26":{"start":{"line":59,"column":4},"end":{"line":59,"column":22}},"27":{"start":{"line":60,"column":4},"end":{"line":62,"column":74}},"28":{"start":{"line":64,"column":4},"end":{"line":64,"column":23}},"29":{"start":{"line":45,"column":13},"end":{"line":45,"column":29}}},"fnMap":{"0":{"name":"(anonymous_7)","decl":{"start":{"line":15,"column":29},"end":{"line":15,"column":36}},"loc":{"start":{"line":15,"column":67},"end":{"line":43,"column":2}}},"1":{"name":"(anonymous_8)","decl":{"start":{"line":15,"column":67},"end":{"line":15,"column":null}},"loc":{"start":{"line":15,"column":67},"end":{"line":43,"column":1}}},"2":{"name":"(anonymous_9)","decl":{"start":{"line":45,"column":29},"end":{"line":45,"column":null}},"loc":{"start":{"line":49,"column":4},"end":{"line":66,"column":2}}},"3":{"name":"(anonymous_10)","decl":{"start":{"line":49,"column":4},"end":{"line":49,"column":null}},"loc":{"start":{"line":49,"column":4},"end":{"line":66,"column":1}}}},"branchMap":{"0":{"loc":{"start":{"line":18,"column":4},"end":{"line":18,"column":70}},"type":"if","locations":[{"start":{"line":18,"column":4},"end":{"line":18,"column":70}}]},"1":{"loc":{"start":{"line":53,"column":4},"end":{"line":57,"column":null}},"type":"if","locations":[{"start":{"line":53,"column":4},"end":{"line":57,"column":null}}]},"2":{"loc":{"start":{"line":53,"column":8},"end":{"line":53,"column":42}},"type":"binary-expr","locations":[{"start":{"line":53,"column":8},"end":{"line":53,"column":13}},{"start":{"line":53,"column":17},"end":{"line":53,"column":42}}]}},"s":{"0":1,"1":1,"2":1,"3":0,"4":0,"5":0,"6":0,"7":0,"8":0,"9":0,"10":0,"11":0,"12":0,"13":0,"14":0,"15":0,"16":0,"17":1,"18":1,"19":0,"20":0,"21":0,"22":0,"23":0,"24":0,"25":0,"26":0,"27":0,"28":0,"29":1},"f":{"0":0,"1":0,"2":0,"3":0},"b":{"0":[0],"1":[0],"2":[0,0]}}
,"C:\\Users\\HP\\Desktop\\Now projects\\Andela\\Real-BrandBackend\\ntirushwaBrand-bn\\src\\controllers\\controller.ts": {"path":"C:\\Users\\HP\\Desktop\\Now projects\\Andela\\Real-BrandBackend\\ntirushwaBrand-bn\\src\\controllers\\controller.ts","statementMap":{"0":{"start":{"line":1,"column":0},"end":{"line":1,"column":45}},"1":{"start":{"line":4,"column":0},"end":{"line":4,"column":60}},"2":{"start":{"line":15,"column":26},"end":{"line":52,"column":2}},"3":{"start":{"line":19,"column":4},"end":{"line":52,"column":2}},"4":{"start":{"line":20,"column":2},"end":{"line":51,"column":null}},"5":{"start":{"line":21,"column":17},"end":{"line":26,"column":6}},"6":{"start":{"line":27,"column":4},"end":{"line":45,"column":null}},"7":{"start":{"line":28,"column":32},"end":{"line":28,"column":50}},"8":{"start":{"line":29,"column":26},"end":{"line":29,"column":52}},"9":{"start":{"line":30,"column":23},"end":{"line":40,"column":null}},"10":{"start":{"line":34,"column":10},"end":{"line":37,"column":null}},"11":{"start":{"line":35,"column":12},"end":{"line":35,"column":57}},"12":{"start":{"line":36,"column":12},"end":{"line":36,"column":56}},"13":{"start":{"line":38,"column":10},"end":{"line":38,"column":59}},"14":{"start":{"line":39,"column":10},"end":{"line":39,"column":24}},"15":{"start":{"line":42,"column":6},"end":{"line":42,"column":32}},"16":{"start":{"line":44,"column":6},"end":{"line":44,"column":69}},"17":{"start":{"line":46,"column":4},"end":{"line":46,"column":22}},"18":{"start":{"line":47,"column":4},"end":{"line":47,"column":69}},"19":{"start":{"line":49,"column":4},"end":{"line":49,"column":57}},"20":{"start":{"line":50,"column":4},"end":{"line":50,"column":27}},"21":{"start":{"line":15,"column":13},"end":{"line":15,"column":26}},"22":{"start":{"line":54,"column":24},"end":{"line":57,"column":2}},"23":{"start":{"line":54,"column":62},"end":{"line":57,"column":2}},"24":{"start":{"line":55,"column":16},"end":{"line":55,"column":34}},"25":{"start":{"line":56,"column":2},"end":{"line":56,"column":18}},"26":{"start":{"line":54,"column":13},"end":{"line":54,"column":24}},"27":{"start":{"line":59,"column":26},"end":{"line":76,"column":2}},"28":{"start":{"line":59,"column":64},"end":{"line":76,"column":2}},"29":{"start":{"line":60,"column":2},"end":{"line":75,"column":null}},"30":{"start":{"line":61,"column":17},"end":{"line":70,"column":8}},"31":{"start":{"line":71,"column":4},"end":{"line":71,"column":19}},"32":{"start":{"line":73,"column":4},"end":{"line":73,"column":20}},"33":{"start":{"line":74,"column":4},"end":{"line":74,"column":48}},"34":{"start":{"line":59,"column":13},"end":{"line":59,"column":26}},"35":{"start":{"line":79,"column":30},"end":{"line":102,"column":2}},"36":{"start":{"line":83,"column":4},"end":{"line":102,"column":2}},"37":{"start":{"line":84,"column":2},"end":{"line":101,"column":null}},"38":{"start":{"line":85,"column":22},"end":{"line":85,"column":62}},"39":{"start":{"line":86,"column":18},"end":{"line":86,"column":56}},"40":{"start":{"line":87,"column":4},"end":{"line":94,"column":null}},"41":{"start":{"line":88,"column":18},"end":{"line":88,"column":55}},"42":{"start":{"line":89,"column":6},"end":{"line":91,"column":null}},"43":{"start":{"line":90,"column":8},"end":{"line":90,"column":42}},"44":{"start":{"line":93,"column":6},"end":{"line":93,"column":41}},"45":{"start":{"line":95,"column":4},"end":{"line":95,"column":28}},"46":{"start":{"line":96,"column":4},"end":{"line":98,"column":80}},"47":{"start":{"line":100,"column":4},"end":{"line":100,"column":25}},"48":{"start":{"line":79,"column":13},"end":{"line":79,"column":30}},"49":{"start":{"line":106,"column":26},"end":{"line":128,"column":2}},"50":{"start":{"line":106,"column":64},"end":{"line":128,"column":2}},"51":{"start":{"line":107,"column":2},"end":{"line":127,"column":null}},"52":{"start":{"line":108,"column":17},"end":{"line":108,"column":65}},"53":{"start":{"line":110,"column":4},"end":{"line":123,"column":null}},"54":{"start":{"line":111,"column":6},"end":{"line":113,"column":null}},"55":{"start":{"line":112,"column":8},"end":{"line":112,"column":36}},"56":{"start":{"line":114,"column":6},"end":{"line":116,"column":null}},"57":{"start":{"line":115,"column":8},"end":{"line":115,"column":48}},"58":{"start":{"line":117,"column":6},"end":{"line":119,"column":null}},"59":{"start":{"line":118,"column":8},"end":{"line":118,"column":40}},"60":{"start":{"line":121,"column":6},"end":{"line":121,"column":24}},"61":{"start":{"line":122,"column":6},"end":{"line":122,"column":21}},"62":{"start":{"line":125,"column":4},"end":{"line":125,"column":20}},"63":{"start":{"line":126,"column":4},"end":{"line":126,"column":51}},"64":{"start":{"line":106,"column":13},"end":{"line":106,"column":26}},"65":{"start":{"line":130,"column":26},"end":{"line":150,"column":2}},"66":{"start":{"line":134,"column":4},"end":{"line":150,"column":2}},"67":{"start":{"line":135,"column":2},"end":{"line":149,"column":null}},"68":{"start":{"line":136,"column":4},"end":{"line":136,"column":54}},"69":{"start":{"line":137,"column":19},"end":{"line":137,"column":69}},"70":{"start":{"line":138,"column":4},"end":{"line":138,"column":24}},"71":{"start":{"line":139,"column":4},"end":{"line":146,"column":null}},"72":{"start":{"line":140,"column":6},"end":{"line":140,"column":40}},"73":{"start":{"line":141,"column":6},"end":{"line":141,"column":55}},"74":{"start":{"line":143,"column":6},"end":{"line":145,"column":68}},"75":{"start":{"line":148,"column":4},"end":{"line":148,"column":64}},"76":{"start":{"line":130,"column":13},"end":{"line":130,"column":26}}},"fnMap":{"0":{"name":"(anonymous_7)","decl":{"start":{"line":15,"column":26},"end":{"line":15,"column":null}},"loc":{"start":{"line":19,"column":4},"end":{"line":52,"column":2}}},"1":{"name":"(anonymous_8)","decl":{"start":{"line":19,"column":4},"end":{"line":19,"column":null}},"loc":{"start":{"line":19,"column":4},"end":{"line":52,"column":1}}},"2":{"name":"(anonymous_9)","decl":{"start":{"line":33,"column":8},"end":{"line":33,"column":18}},"loc":{"start":{"line":33,"column":29},"end":{"line":40,"column":9}}},"3":{"name":"(anonymous_10)","decl":{"start":{"line":54,"column":24},"end":{"line":54,"column":31}},"loc":{"start":{"line":54,"column":62},"end":{"line":57,"column":2}}},"4":{"name":"(anonymous_11)","decl":{"start":{"line":54,"column":62},"end":{"line":54,"column":null}},"loc":{"start":{"line":54,"column":62},"end":{"line":57,"column":1}}},"5":{"name":"(anonymous_12)","decl":{"start":{"line":59,"column":26},"end":{"line":59,"column":33}},"loc":{"start":{"line":59,"column":64},"end":{"line":76,"column":2}}},"6":{"name":"(anonymous_13)","decl":{"start":{"line":59,"column":64},"end":{"line":59,"column":null}},"loc":{"start":{"line":59,"column":64},"end":{"line":76,"column":1}}},"7":{"name":"(anonymous_14)","decl":{"start":{"line":79,"column":30},"end":{"line":79,"column":null}},"loc":{"start":{"line":83,"column":4},"end":{"line":102,"column":2}}},"8":{"name":"(anonymous_15)","decl":{"start":{"line":83,"column":4},"end":{"line":83,"column":null}},"loc":{"start":{"line":83,"column":4},"end":{"line":102,"column":1}}},"9":{"name":"(anonymous_16)","decl":{"start":{"line":106,"column":26},"end":{"line":106,"column":33}},"loc":{"start":{"line":106,"column":64},"end":{"line":128,"column":2}}},"10":{"name":"(anonymous_17)","decl":{"start":{"line":106,"column":64},"end":{"line":106,"column":null}},"loc":{"start":{"line":106,"column":64},"end":{"line":128,"column":1}}},"11":{"name":"(anonymous_18)","decl":{"start":{"line":130,"column":26},"end":{"line":130,"column":null}},"loc":{"start":{"line":134,"column":4},"end":{"line":150,"column":2}}},"12":{"name":"(anonymous_19)","decl":{"start":{"line":134,"column":4},"end":{"line":134,"column":null}},"loc":{"start":{"line":134,"column":4},"end":{"line":150,"column":1}}}},"branchMap":{"0":{"loc":{"start":{"line":27,"column":4},"end":{"line":45,"column":null}},"type":"if","locations":[{"start":{"line":27,"column":4},"end":{"line":45,"column":null}},{"start":{"line":43,"column":11},"end":{"line":45,"column":null}}]},"1":{"loc":{"start":{"line":34,"column":10},"end":{"line":37,"column":null}},"type":"if","locations":[{"start":{"line":34,"column":10},"end":{"line":37,"column":null}}]},"2":{"loc":{"start":{"line":87,"column":4},"end":{"line":94,"column":null}},"type":"if","locations":[{"start":{"line":87,"column":4},"end":{"line":94,"column":null}},{"start":{"line":92,"column":11},"end":{"line":94,"column":null}}]},"3":{"loc":{"start":{"line":89,"column":6},"end":{"line":91,"column":null}},"type":"if","locations":[{"start":{"line":89,"column":6},"end":{"line":91,"column":null}}]},"4":{"loc":{"start":{"line":110,"column":4},"end":{"line":123,"column":null}},"type":"if","locations":[{"start":{"line":110,"column":4},"end":{"line":123,"column":null}}]},"5":{"loc":{"start":{"line":111,"column":6},"end":{"line":113,"column":null}},"type":"if","locations":[{"start":{"line":111,"column":6},"end":{"line":113,"column":null}}]},"6":{"loc":{"start":{"line":114,"column":6},"end":{"line":116,"column":null}},"type":"if","locations":[{"start":{"line":114,"column":6},"end":{"line":116,"column":null}}]},"7":{"loc":{"start":{"line":117,"column":6},"end":{"line":119,"column":null}},"type":"if","locations":[{"start":{"line":117,"column":6},"end":{"line":119,"column":null}}]},"8":{"loc":{"start":{"line":139,"column":4},"end":{"line":146,"column":null}},"type":"if","locations":[{"start":{"line":139,"column":4},"end":{"line":146,"column":null}},{"start":{"line":142,"column":11},"end":{"line":146,"column":null}}]}},"s":{"0":1,"1":1,"2":1,"3":0,"4":0,"5":0,"6":0,"7":0,"8":0,"9":0,"10":0,"11":0,"12":0,"13":0,"14":0,"15":0,"16":0,"17":0,"18":0,"19":0,"20":0,"21":1,"22":1,"23":1,"24":1,"25":1,"26":1,"27":1,"28":1,"29":1,"30":1,"31":1,"32":0,"33":0,"34":1,"35":1,"36":0,"37":0,"38":0,"39":0,"40":0,"41":0,"42":0,"43":0,"44":0,"45":0,"46":0,"47":0,"48":1,"49":1,"50":0,"51":0,"52":0,"53":0,"54":0,"55":0,"56":0,"57":0,"58":0,"59":0,"60":0,"61":0,"62":0,"63":0,"64":1,"65":1,"66":0,"67":0,"68":0,"69":0,"70":0,"71":0,"72":0,"73":0,"74":0,"75":0,"76":1},"f":{"0":0,"1":0,"2":0,"3":1,"4":1,"5":1,"6":1,"7":0,"8":0,"9":0,"10":0,"11":0,"12":0},"b":{"0":[0,0],"1":[0],"2":[0,0],"3":[0],"4":[0],"5":[0],"6":[0],"7":[0],"8":[0,0]}}
,"C:\\Users\\HP\\Desktop\\Now projects\\Andela\\Real-BrandBackend\\ntirushwaBrand-bn\\src\\controllers\\message.ts": {"path":"C:\\Users\\HP\\Desktop\\Now projects\\Andela\\Real-BrandBackend\\ntirushwaBrand-bn\\src\\controllers\\message.ts","statementMap":{"0":{"start":{"line":1,"column":0},"end":{"line":1,"column":44}},"1":{"start":{"line":5,"column":29},"end":{"line":23,"column":2}},"2":{"start":{"line":9,"column":4},"end":{"line":23,"column":2}},"3":{"start":{"line":10,"column":2},"end":{"line":22,"column":null}},"4":{"start":{"line":11,"column":20},"end":{"line":15,"column":6}},"5":{"start":{"line":17,"column":4},"end":{"line":17,"column":25}},"6":{"start":{"line":18,"column":4},"end":{"line":18,"column":75}},"7":{"start":{"line":20,"column":4},"end":{"line":20,"column":51}},"8":{"start":{"line":21,"column":4},"end":{"line":21,"column":27}},"9":{"start":{"line":5,"column":13},"end":{"line":5,"column":29}},"10":{"start":{"line":25,"column":27},"end":{"line":28,"column":2}},"11":{"start":{"line":25,"column":65},"end":{"line":28,"column":2}},"12":{"start":{"line":26,"column":14},"end":{"line":26,"column":34}},"13":{"start":{"line":27,"column":2},"end":{"line":27,"column":16}},"14":{"start":{"line":25,"column":13},"end":{"line":25,"column":27}},"15":{"start":{"line":30,"column":29},"end":{"line":39,"column":2}},"16":{"start":{"line":30,"column":67},"end":{"line":39,"column":2}},"17":{"start":{"line":31,"column":2},"end":{"line":38,"column":null}},"18":{"start":{"line":32,"column":4},"end":{"line":32,"column":52}},"19":{"start":{"line":33,"column":4},"end":{"line":33,"column":20}},"20":{"start":{"line":34,"column":4},"end":{"line":34,"column":48}},"21":{"start":{"line":36,"column":4},"end":{"line":36,"column":20}},"22":{"start":{"line":37,"column":4},"end":{"line":37,"column":55}},"23":{"start":{"line":30,"column":13},"end":{"line":30,"column":29}}},"fnMap":{"0":{"name":"(anonymous_7)","decl":{"start":{"line":5,"column":29},"end":{"line":5,"column":null}},"loc":{"start":{"line":9,"column":4},"end":{"line":23,"column":2}}},"1":{"name":"(anonymous_8)","decl":{"start":{"line":9,"column":4},"end":{"line":9,"column":null}},"loc":{"start":{"line":9,"column":4},"end":{"line":23,"column":1}}},"2":{"name":"(anonymous_9)","decl":{"start":{"line":25,"column":27},"end":{"line":25,"column":34}},"loc":{"start":{"line":25,"column":65},"end":{"line":28,"column":2}}},"3":{"name":"(anonymous_10)","decl":{"start":{"line":25,"column":65},"end":{"line":25,"column":null}},"loc":{"start":{"line":25,"column":65},"end":{"line":28,"column":1}}},"4":{"name":"(anonymous_11)","decl":{"start":{"line":30,"column":29},"end":{"line":30,"column":36}},"loc":{"start":{"line":30,"column":67},"end":{"line":39,"column":2}}},"5":{"name":"(anonymous_12)","decl":{"start":{"line":30,"column":67},"end":{"line":30,"column":null}},"loc":{"start":{"line":30,"column":67},"end":{"line":39,"column":1}}}},"branchMap":{},"s":{"0":1,"1":1,"2":1,"3":1,"4":1,"5":1,"6":1,"7":0,"8":0,"9":1,"10":1,"11":1,"12":1,"13":1,"14":1,"15":1,"16":0,"17":0,"18":0,"19":0,"20":0,"21":0,"22":0,"23":1},"f":{"0":1,"1":1,"2":1,"3":1,"4":0,"5":0},"b":{}}
,"C:\\Users\\HP\\Desktop\\Now projects\\Andela\\Real-BrandBackend\\ntirushwaBrand-bn\\src\\middleware\\auth-user.ts": {"path":"C:\\Users\\HP\\Desktop\\Now projects\\Andela\\Real-BrandBackend\\ntirushwaBrand-bn\\src\\middleware\\auth-user.ts","statementMap":{"0":{"start":{"line":2,"column":0},"end":{"line":2,"column":31}},"1":{"start":{"line":13,"column":32},"end":{"line":29,"column":2}},"2":{"start":{"line":17,"column":4},"end":{"line":29,"column":2}},"3":{"start":{"line":18,"column":2},"end":{"line":28,"column":null}},"4":{"start":{"line":19,"column":22},"end":{"line":19,"column":69}},"5":{"start":{"line":20,"column":17},"end":{"line":20,"column":63}},"6":{"start":{"line":21,"column":4},"end":{"line":22,"column":56}},"7":{"start":{"line":22,"column":6},"end":{"line":22,"column":56}},"8":{"start":{"line":23,"column":4},"end":{"line":23,"column":25}},"9":{"start":{"line":24,"column":4},"end":{"line":24,"column":33}},"10":{"start":{"line":25,"column":4},"end":{"line":25,"column":18}},"11":{"start":{"line":27,"column":4},"end":{"line":27,"column":25}},"12":{"start":{"line":13,"column":13},"end":{"line":13,"column":32}},"13":{"start":{"line":31,"column":29},"end":{"line":45,"column":2}},"14":{"start":{"line":35,"column":4},"end":{"line":45,"column":2}},"15":{"start":{"line":36,"column":2},"end":{"line":44,"column":null}},"16":{"start":{"line":37,"column":22},"end":{"line":37,"column":69}},"17":{"start":{"line":38,"column":17},"end":{"line":38,"column":63}},"18":{"start":{"line":39,"column":4},"end":{"line":39,"column":25}},"19":{"start":{"line":40,"column":4},"end":{"line":40,"column":33}},"20":{"start":{"line":41,"column":4},"end":{"line":41,"column":18}},"21":{"start":{"line":43,"column":4},"end":{"line":43,"column":25}},"22":{"start":{"line":31,"column":13},"end":{"line":31,"column":29}}},"fnMap":{"0":{"name":"(anonymous_8)","decl":{"start":{"line":13,"column":32},"end":{"line":13,"column":null}},"loc":{"start":{"line":17,"column":4},"end":{"line":29,"column":2}}},"1":{"name":"(anonymous_9)","decl":{"start":{"line":17,"column":4},"end":{"line":17,"column":null}},"loc":{"start":{"line":17,"column":4},"end":{"line":29,"column":1}}},"2":{"name":"(anonymous_10)","decl":{"start":{"line":31,"column":29},"end":{"line":31,"column":null}},"loc":{"start":{"line":35,"column":4},"end":{"line":45,"column":2}}},"3":{"name":"(anonymous_11)","decl":{"start":{"line":35,"column":4},"end":{"line":35,"column":null}},"loc":{"start":{"line":35,"column":4},"end":{"line":45,"column":1}}}},"branchMap":{"0":{"loc":{"start":{"line":21,"column":4},"end":{"line":22,"column":56}},"type":"if","locations":[{"start":{"line":21,"column":4},"end":{"line":22,"column":56}}]},"1":{"loc":{"start":{"line":37,"column":22},"end":{"line":37,"column":69}},"type":"cond-expr","locations":[{"start":{"line":37,"column":47},"end":{"line":37,"column":49}},{"start":{"line":37,"column":47},"end":{"line":37,"column":69}}]},"2":{"loc":{"start":{"line":37,"column":22},"end":{"line":37,"column":49}},"type":"binary-expr","locations":[{"start":{"line":37,"column":22},"end":{"line":37,"column":49}},{"start":{"line":37,"column":47},"end":{"line":37,"column":49}}]}},"s":{"0":1,"1":1,"2":0,"3":0,"4":0,"5":0,"6":0,"7":0,"8":0,"9":0,"10":0,"11":0,"12":1,"13":1,"14":0,"15":0,"16":0,"17":0,"18":0,"19":0,"20":0,"21":0,"22":1},"f":{"0":0,"1":0,"2":0,"3":0},"b":{"0":[0],"1":[0,0],"2":[0,0]}}
,"C:\\Users\\HP\\Desktop\\Now projects\\Andela\\Real-BrandBackend\\ntirushwaBrand-bn\\src\\middleware\\auth.ts": {"path":"C:\\Users\\HP\\Desktop\\Now projects\\Andela\\Real-BrandBackend\\ntirushwaBrand-bn\\src\\middleware\\auth.ts","statementMap":{"0":{"start":{"line":1,"column":0},"end":{"line":1,"column":32}},"1":{"start":{"line":2,"column":0},"end":{"line":2,"column":28}},"2":{"start":{"line":3,"column":0},"end":{"line":3,"column":28}},"3":{"start":{"line":4,"column":0},"end":{"line":4,"column":59}},"4":{"start":{"line":5,"column":20},"end":{"line":5,"column":52}},"5":{"start":{"line":6,"column":19},"end":{"line":6,"column":53}},"6":{"start":{"line":7,"column":0},"end":{"line":7,"column":43}},"7":{"start":{"line":12,"column":0},"end":{"line":12,"column":16}},"8":{"start":{"line":14,"column":0},"end":{"line":42,"column":2}},"9":{"start":{"line":22,"column":55},"end":{"line":40,"column":null}},"10":{"start":{"line":23,"column":6},"end":{"line":39,"column":null}},"11":{"start":{"line":24,"column":8},"end":{"line":24,"column":40}},"12":{"start":{"line":25,"column":21},"end":{"line":25,"column":45}},"13":{"start":{"line":26,"column":29},"end":{"line":26,"column":62}},"14":{"start":{"line":28,"column":20},"end":{"line":28,"column":36}},"15":{"start":{"line":29,"column":19},"end":{"line":33,"column":10}},"16":{"start":{"line":35,"column":8},"end":{"line":35,"column":26}},"17":{"start":{"line":36,"column":8},"end":{"line":36,"column":32}},"18":{"start":{"line":38,"column":8},"end":{"line":38,"column":20}},"19":{"start":{"line":46,"column":0},"end":{"line":73,"column":2}},"20":{"start":{"line":53,"column":36},"end":{"line":71,"column":null}},"21":{"start":{"line":54,"column":6},"end":{"line":70,"column":null}},"22":{"start":{"line":55,"column":21},"end":{"line":55,"column":51}},"23":{"start":{"line":57,"column":8},"end":{"line":59,"column":null}},"24":{"start":{"line":58,"column":10},"end":{"line":58,"column":66}},"25":{"start":{"line":61,"column":25},"end":{"line":61,"column":61}},"26":{"start":{"line":63,"column":8},"end":{"line":65,"column":null}},"27":{"start":{"line":64,"column":10},"end":{"line":64,"column":66}},"28":{"start":{"line":67,"column":8},"end":{"line":67,"column":71}},"29":{"start":{"line":69,"column":8},"end":{"line":69,"column":27}},"30":{"start":{"line":75,"column":19},"end":{"line":78,"column":2}},"31":{"start":{"line":91,"column":21},"end":{"line":91,"column":29}},"32":{"start":{"line":93,"column":0},"end":{"line":93,"column":28}}},"fnMap":{"0":{"name":"(anonymous_8)","decl":{"start":{"line":22,"column":4},"end":{"line":22,"column":11}},"loc":{"start":{"line":22,"column":55},"end":{"line":40,"column":null}}},"1":{"name":"(anonymous_9)","decl":{"start":{"line":22,"column":55},"end":{"line":22,"column":null}},"loc":{"start":{"line":22,"column":55},"end":{"line":40,"column":5}}},"2":{"name":"(anonymous_10)","decl":{"start":{"line":53,"column":4},"end":{"line":53,"column":11}},"loc":{"start":{"line":53,"column":36},"end":{"line":71,"column":null}}},"3":{"name":"(anonymous_11)","decl":{"start":{"line":53,"column":36},"end":{"line":53,"column":null}},"loc":{"start":{"line":53,"column":36},"end":{"line":71,"column":5}}}},"branchMap":{"0":{"loc":{"start":{"line":57,"column":8},"end":{"line":59,"column":null}},"type":"if","locations":[{"start":{"line":57,"column":8},"end":{"line":59,"column":null}}]},"1":{"loc":{"start":{"line":63,"column":8},"end":{"line":65,"column":null}},"type":"if","locations":[{"start":{"line":63,"column":8},"end":{"line":65,"column":null}}]}},"s":{"0":1,"1":1,"2":1,"3":1,"4":1,"5":1,"6":1,"7":1,"8":1,"9":0,"10":0,"11":0,"12":0,"13":0,"14":0,"15":0,"16":0,"17":0,"18":0,"19":1,"20":0,"21":0,"22":0,"23":0,"24":0,"25":0,"26":0,"27":0,"28":0,"29":0,"30":1,"31":1,"32":1},"f":{"0":0,"1":0,"2":0,"3":0},"b":{"0":[0],"1":[0]}}
,"C:\\Users\\HP\\Desktop\\Now projects\\Andela\\Real-BrandBackend\\ntirushwaBrand-bn\\src\\middleware\\error.middleware.ts": {"path":"C:\\Users\\HP\\Desktop\\Now projects\\Andela\\Real-BrandBackend\\ntirushwaBrand-bn\\src\\middleware\\error.middleware.ts","statementMap":{"0":{"start":{"line":3,"column":42},"end":{"line":17,"column":1}},"1":{"start":{"line":9,"column":21},"end":{"line":9,"column":42}},"2":{"start":{"line":10,"column":18},"end":{"line":10,"column":59}},"3":{"start":{"line":11,"column":2},"end":{"line":15,"column":5}},"4":{"start":{"line":16,"column":2},"end":{"line":16,"column":21}},"5":{"start":{"line":19,"column":0},"end":{"line":19,"column":28}}},"fnMap":{"0":{"name":"(anonymous_0)","decl":{"start":{"line":3,"column":42},"end":{"line":3,"column":null}},"loc":{"start":{"line":8,"column":4},"end":{"line":17,"column":1}}}},"branchMap":{"0":{"loc":{"start":{"line":9,"column":21},"end":{"line":9,"column":42}},"type":"binary-expr","locations":[{"start":{"line":9,"column":21},"end":{"line":9,"column":35}},{"start":{"line":9,"column":39},"end":{"line":9,"column":42}}]},"1":{"loc":{"start":{"line":10,"column":18},"end":{"line":10,"column":59}},"type":"binary-expr","locations":[{"start":{"line":10,"column":18},"end":{"line":10,"column":31}},{"start":{"line":10,"column":35},"end":{"line":10,"column":59}}]}},"s":{"0":1,"1":1,"2":1,"3":1,"4":1,"5":1},"f":{"0":1},"b":{"0":[1,0],"1":[1,0]}}
,"C:\\Users\\HP\\Desktop\\Now projects\\Andela\\Real-BrandBackend\\ntirushwaBrand-bn\\src\\middleware\\index.ts": {"path":"C:\\Users\\HP\\Desktop\\Now projects\\Andela\\Real-BrandBackend\\ntirushwaBrand-bn\\src\\middleware\\index.ts","statementMap":{"0":{"start":{"line":2,"column":0},"end":{"line":2,"column":45}},"1":{"start":{"line":4,"column":0},"end":{"line":4,"column":58}},"2":{"start":{"line":8,"column":27},"end":{"line":24,"column":2}},"3":{"start":{"line":12,"column":4},"end":{"line":24,"column":2}},"4":{"start":{"line":13,"column":2},"end":{"line":23,"column":null}},"5":{"start":{"line":14,"column":24},"end":{"line":14,"column":67}},"6":{"start":{"line":15,"column":4},"end":{"line":20,"column":null}},"7":{"start":{"line":16,"column":6},"end":{"line":16,"column":22}},"8":{"start":{"line":17,"column":6},"end":{"line":19,"column":9}},"9":{"start":{"line":22,"column":4},"end":{"line":22,"column":57}},"10":{"start":{"line":8,"column":13},"end":{"line":8,"column":27}},"11":{"start":{"line":26,"column":27},"end":{"line":39,"column":2}},"12":{"start":{"line":30,"column":4},"end":{"line":39,"column":2}},"13":{"start":{"line":31,"column":16},"end":{"line":31,"column":40}},"14":{"start":{"line":32,"column":2},"end":{"line":38,"column":null}},"15":{"start":{"line":33,"column":4},"end":{"line":33,"column":20}},"16":{"start":{"line":34,"column":4},"end":{"line":34,"column":54}},"17":{"start":{"line":35,"column":4},"end":{"line":35,"column":41}},"18":{"start":{"line":37,"column":4},"end":{"line":37,"column":11}},"19":{"start":{"line":26,"column":13},"end":{"line":26,"column":27}}},"fnMap":{"0":{"name":"(anonymous_7)","decl":{"start":{"line":8,"column":27},"end":{"line":8,"column":null}},"loc":{"start":{"line":12,"column":4},"end":{"line":24,"column":2}}},"1":{"name":"(anonymous_8)","decl":{"start":{"line":12,"column":4},"end":{"line":12,"column":null}},"loc":{"start":{"line":12,"column":4},"end":{"line":24,"column":1}}},"2":{"name":"(anonymous_9)","decl":{"start":{"line":26,"column":27},"end":{"line":26,"column":null}},"loc":{"start":{"line":30,"column":4},"end":{"line":39,"column":2}}},"3":{"name":"(anonymous_10)","decl":{"start":{"line":30,"column":4},"end":{"line":30,"column":null}},"loc":{"start":{"line":30,"column":4},"end":{"line":39,"column":1}}}},"branchMap":{"0":{"loc":{"start":{"line":15,"column":4},"end":{"line":20,"column":null}},"type":"if","locations":[{"start":{"line":15,"column":4},"end":{"line":20,"column":null}}]},"1":{"loc":{"start":{"line":32,"column":2},"end":{"line":38,"column":null}},"type":"if","locations":[{"start":{"line":32,"column":2},"end":{"line":38,"column":null}},{"start":{"line":36,"column":9},"end":{"line":38,"column":null}}]}},"s":{"0":1,"1":1,"2":1,"3":0,"4":0,"5":0,"6":0,"7":0,"8":0,"9":0,"10":1,"11":1,"12":0,"13":0,"14":0,"15":0,"16":0,"17":0,"18":0,"19":1},"f":{"0":0,"1":0,"2":0,"3":0},"b":{"0":[0],"1":[0,0]}}
,"C:\\Users\\HP\\Desktop\\Now projects\\Andela\\Real-BrandBackend\\ntirushwaBrand-bn\\src\\models\\blogModels.ts": {"path":"C:\\Users\\HP\\Desktop\\Now projects\\Andela\\Real-BrandBackend\\ntirushwaBrand-bn\\src\\models\\blogModels.ts","statementMap":{"0":{"start":{"line":1,"column":0},"end":{"line":1,"column":51}},"1":{"start":{"line":4,"column":19},"end":{"line":35,"column":null}},"2":{"start":{"line":38,"column":13},"end":{"line":38,"column":53}}},"fnMap":{},"branchMap":{},"s":{"0":1,"1":1,"2":1},"f":{},"b":{}}
,"C:\\Users\\HP\\Desktop\\Now projects\\Andela\\Real-BrandBackend\\ntirushwaBrand-bn\\src\\models\\commentModel.ts": {"path":"C:\\Users\\HP\\Desktop\\Now projects\\Andela\\Real-BrandBackend\\ntirushwaBrand-bn\\src\\models\\commentModel.ts","statementMap":{"0":{"start":{"line":1,"column":0},"end":{"line":1,"column":51}},"1":{"start":{"line":4,"column":22},"end":{"line":19,"column":null}},"2":{"start":{"line":22,"column":13},"end":{"line":22,"column":67}}},"fnMap":{},"branchMap":{},"s":{"0":1,"1":1,"2":1},"f":{},"b":{}}
,"C:\\Users\\HP\\Desktop\\Now projects\\Andela\\Real-BrandBackend\\ntirushwaBrand-bn\\src\\models\\message.ts": {"path":"C:\\Users\\HP\\Desktop\\Now projects\\Andela\\Real-BrandBackend\\ntirushwaBrand-bn\\src\\models\\message.ts","statementMap":{"0":{"start":{"line":1,"column":0},"end":{"line":1,"column":41}},"1":{"start":{"line":4,"column":22},"end":{"line":19,"column":null}},"2":{"start":{"line":22,"column":13},"end":{"line":22,"column":64}}},"fnMap":{},"branchMap":{},"s":{"0":1,"1":1,"2":1},"f":{},"b":{}}
,"C:\\Users\\HP\\Desktop\\Now projects\\Andela\\Real-BrandBackend\\ntirushwaBrand-bn\\src\\models\\userAuth.ts": {"path":"C:\\Users\\HP\\Desktop\\Now projects\\Andela\\Real-BrandBackend\\ntirushwaBrand-bn\\src\\models\\userAuth.ts","statementMap":{"0":{"start":{"line":1,"column":0},"end":{"line":1,"column":41}},"1":{"start":{"line":3,"column":0},"end":{"line":3,"column":28}},"2":{"start":{"line":15,"column":19},"end":{"line":38,"column":null}},"3":{"start":{"line":41,"column":0},"end":{"line":51,"column":3}},"4":{"start":{"line":42,"column":2},"end":{"line":50,"column":null}},"5":{"start":{"line":43,"column":4},"end":{"line":45,"column":null}},"6":{"start":{"line":44,"column":6},"end":{"line":44,"column":20}},"7":{"start":{"line":46,"column":25},"end":{"line":46,"column":61}},"8":{"start":{"line":47,"column":4},"end":{"line":47,"column":35}},"9":{"start":{"line":49,"column":4},"end":{"line":49,"column":21}},"10":{"start":{"line":54,"column":0},"end":{"line":62,"column":2}},"11":{"start":{"line":55,"column":2},"end":{"line":61,"column":null}},"12":{"start":{"line":56,"column":18},"end":{"line":56,"column":72}},"13":{"start":{"line":57,"column":4},"end":{"line":57,"column":19}},"14":{"start":{"line":59,"column":4},"end":{"line":59,"column":47}},"15":{"start":{"line":60,"column":4},"end":{"line":60,"column":21}},"16":{"start":{"line":64,"column":13},"end":{"line":64,"column":54}}},"fnMap":{"0":{"name":"(anonymous_8)","decl":{"start":{"line":41,"column":23},"end":{"line":41,"column":39}},"loc":{"start":{"line":41,"column":43},"end":{"line":51,"column":2}}},"1":{"name":"(anonymous_10)","decl":{"start":{"line":54,"column":37},"end":{"line":54,"column":53}},"loc":{"start":{"line":54,"column":76},"end":{"line":62,"column":2}}}},"branchMap":{"0":{"loc":{"start":{"line":43,"column":4},"end":{"line":45,"column":null}},"type":"if","locations":[{"start":{"line":43,"column":4},"end":{"line":45,"column":null}}]}},"s":{"0":1,"1":1,"2":1,"3":1,"4":2,"5":2,"6":1,"7":1,"8":1,"9":0,"10":1,"11":0,"12":0,"13":0,"14":0,"15":0,"16":1},"f":{"0":2,"1":0},"b":{"0":[1]}}
,"C:\\Users\\HP\\Desktop\\Now projects\\Andela\\Real-BrandBackend\\ntirushwaBrand-bn\\src\\routes\\protected\\BlogRoutes.ts": {"path":"C:\\Users\\HP\\Desktop\\Now projects\\Andela\\Real-BrandBackend\\ntirushwaBrand-bn\\src\\routes\\protected\\BlogRoutes.ts","statementMap":{"0":{"start":{"line":1,"column":0},"end":{"line":1,"column":67}},"1":{"start":{"line":2,"column":0},"end":{"line":2,"column":32}},"2":{"start":{"line":4,"column":19},"end":{"line":4,"column":56}},"3":{"start":{"line":51,"column":23},"end":{"line":51,"column":42}},"4":{"start":{"line":6,"column":0},"end":{"line":6,"column":47}},"5":{"start":{"line":7,"column":0},"end":{"line":7,"column":null}},"6":{"start":{"line":14,"column":0},"end":{"line":14,"column":77}},"7":{"start":{"line":16,"column":0},"end":{"line":16,"column":28}},"8":{"start":{"line":17,"column":16},"end":{"line":17,"column":38}},"9":{"start":{"line":18,"column":15},"end":{"line":20,"column":2}},"10":{"start":{"line":22,"column":0},"end":{"line":29,"column":2}},"11":{"start":{"line":31,"column":0},"end":{"line":36,"column":2}},"12":{"start":{"line":37,"column":0},"end":{"line":42,"column":2}},"13":{"start":{"line":44,"column":0},"end":{"line":49,"column":2}}},"fnMap":{},"branchMap":{},"s":{"0":1,"1":1,"2":1,"3":1,"4":1,"5":1,"6":1,"7":1,"8":1,"9":1,"10":1,"11":1,"12":1,"13":1},"f":{},"b":{}}
,"C:\\Users\\HP\\Desktop\\Now projects\\Andela\\Real-BrandBackend\\ntirushwaBrand-bn\\src\\routes\\protected\\commentRoutes.ts": {"path":"C:\\Users\\HP\\Desktop\\Now projects\\Andela\\Real-BrandBackend\\ntirushwaBrand-bn\\src\\routes\\protected\\commentRoutes.ts","statementMap":{"0":{"start":{"line":1,"column":0},"end":{"line":1,"column":30}},"1":{"start":{"line":3,"column":0},"end":{"line":3,"column":32}},"2":{"start":{"line":5,"column":0},"end":{"line":5,"column":73}},"3":{"start":{"line":6,"column":0},"end":{"line":6,"column":59}},"4":{"start":{"line":7,"column":0},"end":{"line":7,"column":62}},"5":{"start":{"line":9,"column":22},"end":{"line":9,"column":59}},"6":{"start":{"line":26,"column":9},"end":{"line":26,"column":22}},"7":{"start":{"line":11,"column":0},"end":{"line":17,"column":2}},"8":{"start":{"line":18,"column":0},"end":{"line":24,"column":2}}},"fnMap":{},"branchMap":{},"s":{"0":1,"1":1,"2":1,"3":1,"4":1,"5":1,"6":1,"7":1,"8":1},"f":{},"b":{}}
,"C:\\Users\\HP\\Desktop\\Now projects\\Andela\\Real-BrandBackend\\ntirushwaBrand-bn\\src\\routes\\public\\Auth.ts": {"path":"C:\\Users\\HP\\Desktop\\Now projects\\Andela\\Real-BrandBackend\\ntirushwaBrand-bn\\src\\routes\\public\\Auth.ts","statementMap":{"0":{"start":{"line":1,"column":0},"end":{"line":1,"column":67}},"1":{"start":{"line":2,"column":15},"end":{"line":2,"column":31}},"2":{"start":{"line":96,"column":19},"end":{"line":96,"column":29}},"3":{"start":{"line":3,"column":0},"end":{"line":3,"column":22}},"4":{"start":{"line":4,"column":0},"end":{"line":4,"column":31}},"5":{"start":{"line":5,"column":0},"end":{"line":5,"column":46}},"6":{"start":{"line":7,"column":21},"end":{"line":17,"column":2}},"7":{"start":{"line":19,"column":21},"end":{"line":26,"column":2}},"8":{"start":{"line":28,"column":0},"end":{"line":58,"column":3}},"9":{"start":{"line":28,"column":67},"end":{"line":58,"column":2}},"10":{"start":{"line":29,"column":27},"end":{"line":29,"column":58}},"11":{"start":{"line":31,"column":2},"end":{"line":31,"column":78}},"12":{"start":{"line":31,"column":13},"end":{"line":31,"column":78}},"13":{"start":{"line":33,"column":46},"end":{"line":33,"column":54}},"14":{"start":{"line":34,"column":2},"end":{"line":34,"column":12}},"15":{"start":{"line":35,"column":23},"end":{"line":36,"column":null}},"16":{"start":{"line":38,"column":2},"end":{"line":38,"column":15}},"17":{"start":{"line":39,"column":2},"end":{"line":56,"column":null}},"18":{"start":{"line":40,"column":20},"end":{"line":45,"column":6}},"19":{"start":{"line":46,"column":4},"end":{"line":46,"column":19}},"20":{"start":{"line":47,"column":36},"end":{"line":47,"column":43}},"21":{"start":{"line":48,"column":18},"end":{"line":48,"column":75}},"22":{"start":{"line":49,"column":4},"end":{"line":49,"column":10}},"23":{"start":{"line":50,"column":4},"end":{"line":55,"column":7}},"24":{"start":{"line":57,"column":2},"end":{"line":57,"column":63}},"25":{"start":{"line":60,"column":0},"end":{"line":94,"column":3}},"26":{"start":{"line":60,"column":67},"end":{"line":94,"column":2}},"27":{"start":{"line":61,"column":27},"end":{"line":61,"column":58}},"28":{"start":{"line":62,"column":2},"end":{"line":62,"column":78}},"29":{"start":{"line":62,"column":13},"end":{"line":62,"column":78}},"30":{"start":{"line":63,"column":20},"end":{"line":63,"column":41}},"31":{"start":{"line":65,"column":2},"end":{"line":93,"column":null}},"32":{"start":{"line":67,"column":22},"end":{"line":67,"column":65}},"33":{"start":{"line":68,"column":4},"end":{"line":72,"column":null}},"34":{"start":{"line":69,"column":6},"end":{"line":71,"column":63}},"35":{"start":{"line":73,"column":17},"end":{"line":73,"column":29}},"36":{"start":{"line":75,"column":18},"end":{"line":75,"column":63}},"37":{"start":{"line":77,"column":4},"end":{"line":81,"column":null}},"38":{"start":{"line":78,"column":6},"end":{"line":80,"column":63}},"39":{"start":{"line":82,"column":36},"end":{"line":82,"column":40}},"40":{"start":{"line":83,"column":18},"end":{"line":83,"column":76}},"41":{"start":{"line":85,"column":4},"end":{"line":90,"column":7}},"42":{"start":{"line":92,"column":4},"end":{"line":92,"column":21}}},"fnMap":{"0":{"name":"(anonymous_8)","decl":{"start":{"line":28,"column":23},"end":{"line":28,"column":30}},"loc":{"start":{"line":28,"column":67},"end":{"line":58,"column":2}}},"1":{"name":"(anonymous_9)","decl":{"start":{"line":28,"column":67},"end":{"line":28,"column":null}},"loc":{"start":{"line":28,"column":67},"end":{"line":58,"column":1}}},"2":{"name":"(anonymous_10)","decl":{"start":{"line":60,"column":23},"end":{"line":60,"column":30}},"loc":{"start":{"line":60,"column":67},"end":{"line":94,"column":2}}},"3":{"name":"(anonymous_11)","decl":{"start":{"line":60,"column":67},"end":{"line":60,"column":null}},"loc":{"start":{"line":60,"column":67},"end":{"line":94,"column":1}}}},"branchMap":{"0":{"loc":{"start":{"line":31,"column":2},"end":{"line":31,"column":78}},"type":"if","locations":[{"start":{"line":31,"column":2},"end":{"line":31,"column":78}}]},"1":{"loc":{"start":{"line":39,"column":2},"end":{"line":56,"column":null}},"type":"if","locations":[{"start":{"line":39,"column":2},"end":{"line":56,"column":null}}]},"2":{"loc":{"start":{"line":62,"column":2},"end":{"line":62,"column":78}},"type":"if","locations":[{"start":{"line":62,"column":2},"end":{"line":62,"column":78}}]},"3":{"loc":{"start":{"line":68,"column":4},"end":{"line":72,"column":null}},"type":"if","locations":[{"start":{"line":68,"column":4},"end":{"line":72,"column":null}}]},"4":{"loc":{"start":{"line":77,"column":4},"end":{"line":81,"column":null}},"type":"if","locations":[{"start":{"line":77,"column":4},"end":{"line":81,"column":null}}]}},"s":{"0":1,"1":1,"2":1,"3":1,"4":1,"5":1,"6":1,"7":1,"8":1,"9":3,"10":3,"11":3,"12":1,"13":2,"14":2,"15":2,"16":2,"17":2,"18":1,"19":1,"20":1,"21":1,"22":1,"23":1,"24":1,"25":1,"26":3,"27":3,"28":3,"29":1,"30":2,"31":2,"32":2,"33":1,"34":1,"35":0,"36":0,"37":0,"38":0,"39":0,"40":0,"41":0,"42":1},"f":{"0":3,"1":3,"2":3,"3":3},"b":{"0":[1],"1":[1],"2":[1],"3":[1],"4":[0]}}
,"C:\\Users\\HP\\Desktop\\Now projects\\Andela\\Real-BrandBackend\\ntirushwaBrand-bn\\src\\routes\\public\\blogRoutes.ts": {"path":"C:\\Users\\HP\\Desktop\\Now projects\\Andela\\Real-BrandBackend\\ntirushwaBrand-bn\\src\\routes\\public\\blogRoutes.ts","statementMap":{"0":{"start":{"line":1,"column":0},"end":{"line":1,"column":67}},"1":{"start":{"line":3,"column":19},"end":{"line":3,"column":56}},"2":{"start":{"line":9,"column":23},"end":{"line":9,"column":39}},"3":{"start":{"line":4,"column":0},"end":{"line":4,"column":68}},"4":{"start":{"line":6,"column":0},"end":{"line":6,"column":40}},"5":{"start":{"line":7,"column":0},"end":{"line":7,"column":30}}},"fnMap":{},"branchMap":{},"s":{"0":1,"1":1,"2":1,"3":1,"4":1,"5":1},"f":{},"b":{}}
,"C:\\Users\\HP\\Desktop\\Now projects\\Andela\\Real-BrandBackend\\ntirushwaBrand-bn\\src\\routes\\public\\messages.ts": {"path":"C:\\Users\\HP\\Desktop\\Now projects\\Andela\\Real-BrandBackend\\ntirushwaBrand-bn\\src\\routes\\public\\messages.ts","statementMap":{"0":{"start":{"line":1,"column":0},"end":{"line":1,"column":30}},"1":{"start":{"line":2,"column":0},"end":{"line":2,"column":null}},"2":{"start":{"line":7,"column":0},"end":{"line":7,"column":62}},"3":{"start":{"line":9,"column":22},"end":{"line":9,"column":59}},"4":{"start":{"line":15,"column":9},"end":{"line":15,"column":22}},"5":{"start":{"line":11,"column":0},"end":{"line":11,"column":56}},"6":{"start":{"line":12,"column":0},"end":{"line":12,"column":36}},"7":{"start":{"line":13,"column":0},"end":{"line":13,"column":52}}},"fnMap":{},"branchMap":{},"s":{"0":1,"1":1,"2":1,"3":1,"4":1,"5":1,"6":1,"7":1},"f":{},"b":{}}
,"C:\\Users\\HP\\Desktop\\Now projects\\Andela\\Real-BrandBackend\\ntirushwaBrand-bn\\src\\services\\services.ts": {"path":"C:\\Users\\HP\\Desktop\\Now projects\\Andela\\Real-BrandBackend\\ntirushwaBrand-bn\\src\\services\\services.ts","statementMap":{"0":{"start":{"line":1,"column":0},"end":{"line":1,"column":46}},"1":{"start":{"line":2,"column":22},"end":{"line":2,"column":47}},"2":{"start":{"line":3,"column":15},"end":{"line":3,"column":34}},"3":{"start":{"line":5,"column":19},"end":{"line":5,"column":41}},"4":{"start":{"line":6,"column":16},"end":{"line":6,"column":41}},"5":{"start":{"line":7,"column":19},"end":{"line":7,"column":47}},"6":{"start":{"line":9,"column":0},"end":{"line":13,"column":3}},"7":{"start":{"line":14,"column":27},"end":{"line":15,"column":47}},"8":{"start":{"line":15,"column":2},"end":{"line":15,"column":47}},"9":{"start":{"line":14,"column":13},"end":{"line":14,"column":27}},"10":{"start":{"line":17,"column":23},"end":{"line":17,"column":67}},"11":{"start":{"line":17,"column":33},"end":{"line":17,"column":67}},"12":{"start":{"line":17,"column":13},"end":{"line":17,"column":23}}},"fnMap":{"0":{"name":"(anonymous_0)","decl":{"start":{"line":14,"column":27},"end":{"line":14,"column":28}},"loc":{"start":{"line":15,"column":2},"end":{"line":15,"column":47}}},"1":{"name":"(anonymous_1)","decl":{"start":{"line":17,"column":23},"end":{"line":17,"column":24}},"loc":{"start":{"line":17,"column":33},"end":{"line":17,"column":67}}}},"branchMap":{},"s":{"0":1,"1":1,"2":1,"3":1,"4":1,"5":1,"6":1,"7":1,"8":0,"9":1,"10":1,"11":0,"12":1},"f":{"0":0,"1":0},"b":{}}
,"C:\\Users\\HP\\Desktop\\Now projects\\Andela\\Real-BrandBackend\\ntirushwaBrand-bn\\src\\validation\\validation.ts": {"path":"C:\\Users\\HP\\Desktop\\Now projects\\Andela\\Real-BrandBackend\\ntirushwaBrand-bn\\src\\validation\\validation.ts","statementMap":{"0":{"start":{"line":1,"column":0},"end":{"line":1,"column":22}},"1":{"start":{"line":6,"column":30},"end":{"line":14,"column":1}},"2":{"start":{"line":7,"column":32},"end":{"line":11,"column":4}},"3":{"start":{"line":13,"column":2},"end":{"line":13,"column":47}},"4":{"start":{"line":6,"column":13},"end":{"line":6,"column":30}},"5":{"start":{"line":16,"column":32},"end":{"line":20,"column":2}},"6":{"start":{"line":22,"column":31},"end":{"line":33,"column":2}},"7":{"start":{"line":26,"column":4},"end":{"line":33,"column":2}},"8":{"start":{"line":27,"column":27},"end":{"line":27,"column":69}},"9":{"start":{"line":28,"column":2},"end":{"line":31,"column":61}},"10":{"start":{"line":29,"column":4},"end":{"line":31,"column":61}},"11":{"start":{"line":32,"column":2},"end":{"line":32,"column":9}},"12":{"start":{"line":22,"column":13},"end":{"line":22,"column":31}},"13":{"start":{"line":36,"column":22},"end":{"line":38,"column":2}},"14":{"start":{"line":41,"column":31},"end":{"line":49,"column":2}},"15":{"start":{"line":45,"column":4},"end":{"line":49,"column":2}},"16":{"start":{"line":46,"column":27},"end":{"line":46,"column":59}},"17":{"start":{"line":47,"column":2},"end":{"line":47,"column":67}},"18":{"start":{"line":47,"column":13},"end":{"line":47,"column":67}},"19":{"start":{"line":48,"column":2},"end":{"line":48,"column":9}},"20":{"start":{"line":41,"column":13},"end":{"line":41,"column":31}}},"fnMap":{"0":{"name":"(anonymous_8)","decl":{"start":{"line":6,"column":30},"end":{"line":6,"column":31}},"loc":{"start":{"line":6,"column":46},"end":{"line":14,"column":1}}},"1":{"name":"(anonymous_9)","decl":{"start":{"line":22,"column":31},"end":{"line":22,"column":null}},"loc":{"start":{"line":26,"column":4},"end":{"line":33,"column":2}}},"2":{"name":"(anonymous_10)","decl":{"start":{"line":26,"column":4},"end":{"line":26,"column":null}},"loc":{"start":{"line":26,"column":4},"end":{"line":33,"column":1}}},"3":{"name":"(anonymous_11)","decl":{"start":{"line":41,"column":31},"end":{"line":41,"column":null}},"loc":{"start":{"line":45,"column":4},"end":{"line":49,"column":2}}},"4":{"name":"(anonymous_12)","decl":{"start":{"line":45,"column":4},"end":{"line":45,"column":null}},"loc":{"start":{"line":45,"column":4},"end":{"line":49,"column":1}}}},"branchMap":{"0":{"loc":{"start":{"line":28,"column":2},"end":{"line":31,"column":61}},"type":"if","locations":[{"start":{"line":28,"column":2},"end":{"line":31,"column":61}}]},"1":{"loc":{"start":{"line":47,"column":2},"end":{"line":47,"column":67}},"type":"if","locations":[{"start":{"line":47,"column":2},"end":{"line":47,"column":67}}]}},"s":{"0":1,"1":1,"2":0,"3":0,"4":1,"5":1,"6":1,"7":2,"8":2,"9":2,"10":1,"11":1,"12":1,"13":1,"14":1,"15":0,"16":0,"17":0,"18":0,"19":0,"20":1},"f":{"0":0,"1":2,"2":2,"3":0,"4":0},"b":{"0":[1],"1":[0]}}
}
