TN:
SF:passport-config.ts
FN:10,(anonymous_7)
FN:12,(anonymous_8)
FN:12,(anonymous_9)
FNF:3
FNH:3
FNDA:1,(anonymous_7)
FNDA:3,(anonymous_8)
FNDA:3,(anonymous_9)
DA:1,1
DA:2,1
DA:3,1
DA:5,1
DA:10,1
DA:11,1
DA:12,3
DA:13,3
DA:14,3
DA:15,3
DA:17,0
LF:11
LH:10
BRDA:14,0,0,3
BRF:1
BRH:1
end_of_record
TN:
SF:src\app.ts
FNF:0
FNH:0
DA:1,1
DA:2,1
DA:3,1
DA:4,1
DA:5,1
DA:6,1
DA:7,1
DA:8,1
DA:9,1
DA:10,1
DA:11,1
DA:12,1
DA:14,1
DA:16,1
DA:18,1
DA:26,1
DA:29,1
DA:32,1
DA:33,1
DA:36,1
DA:40,1
DA:42,1
DA:48,1
DA:50,1
LF:24
LH:24
BRF:0
BRH:0
end_of_record
TN:
SF:src\controllers\comment.ts
FN:15,(anonymous_7)
FN:15,(anonymous_8)
FN:45,(anonymous_9)
FN:49,(anonymous_10)
FNF:4
FNH:2
FNDA:1,(anonymous_7)
FNDA:1,(anonymous_8)
FNDA:0,(anonymous_9)
FNDA:0,(anonymous_10)
DA:3,1
DA:4,1
DA:15,1
DA:16,1
DA:17,1
DA:18,1
DA:19,1
DA:24,1
DA:25,1
DA:26,1
DA:27,1
DA:35,1
DA:39,0
DA:40,0
DA:41,0
DA:45,1
DA:49,0
DA:50,0
DA:51,0
DA:52,0
DA:53,0
DA:54,0
DA:58,0
DA:59,0
DA:60,0
DA:64,0
LF:26
LH:13
BRDA:18,0,0,0
BRDA:53,1,0,0
BRDA:53,2,0,0
BRDA:53,2,1,0
BRF:4
BRH:0
end_of_record
TN:
SF:src\controllers\controller.ts
FN:15,(anonymous_7)
FN:19,(anonymous_8)
FN:33,(anonymous_9)
FN:54,(anonymous_10)
FN:54,(anonymous_11)
FN:59,(anonymous_12)
FN:59,(anonymous_13)
FN:79,(anonymous_14)
FN:83,(anonymous_15)
FN:106,(anonymous_16)
FN:106,(anonymous_17)
FN:115,(anonymous_18)
FN:119,(anonymous_19)
FNF:13
FNH:8
FNDA:1,(anonymous_7)
FNDA:1,(anonymous_8)
FNDA:0,(anonymous_9)
FNDA:1,(anonymous_10)
FNDA:1,(anonymous_11)
FNDA:1,(anonymous_12)
FNDA:1,(anonymous_13)
FNDA:0,(anonymous_14)
FNDA:0,(anonymous_15)
FNDA:0,(anonymous_16)
FNDA:0,(anonymous_17)
FNDA:1,(anonymous_18)
FNDA:1,(anonymous_19)
DA:1,1
DA:4,1
DA:15,1
DA:19,1
DA:20,1
DA:21,1
DA:27,1
DA:28,0
DA:29,0
DA:30,0
DA:34,0
DA:35,0
DA:36,0
DA:38,0
DA:39,0
DA:42,0
DA:44,1
DA:46,0
DA:47,0
DA:49,0
DA:50,0
DA:54,1
DA:55,1
DA:56,1
DA:59,1
DA:60,1
DA:61,1
DA:71,1
DA:73,0
DA:74,0
DA:79,1
DA:83,0
DA:84,0
DA:85,0
DA:86,0
DA:87,0
DA:88,0
DA:89,0
DA:90,0
DA:93,0
DA:95,0
DA:96,0
DA:100,0
DA:106,1
DA:107,0
DA:108,0
DA:110,0
DA:111,0
DA:115,1
DA:119,1
DA:120,1
DA:121,1
DA:122,1
DA:123,1
DA:124,1
DA:125,1
DA:126,1
DA:128,0
DA:133,0
LF:59
LH:26
BRDA:27,0,0,0
BRDA:27,0,1,1
BRDA:34,1,0,0
BRDA:87,2,0,0
BRDA:87,2,1,0
BRDA:89,3,0,0
BRDA:124,4,0,1
BRDA:124,4,1,0
BRF:8
BRH:2
end_of_record
TN:
SF:src\controllers\message.ts
FN:5,(anonymous_7)
FN:9,(anonymous_8)
FN:25,(anonymous_9)
FN:25,(anonymous_10)
FN:30,(anonymous_11)
FN:30,(anonymous_12)
FNF:6
FNH:4
FNDA:1,(anonymous_7)
FNDA:1,(anonymous_8)
FNDA:1,(anonymous_9)
FNDA:1,(anonymous_10)
FNDA:0,(anonymous_11)
FNDA:0,(anonymous_12)
DA:1,1
DA:5,1
DA:9,1
DA:10,1
DA:11,1
DA:17,1
DA:18,1
DA:20,0
DA:21,0
DA:25,1
DA:26,1
DA:27,1
DA:30,1
DA:31,0
DA:32,0
DA:33,0
DA:34,0
DA:36,0
DA:37,0
LF:19
LH:11
BRF:0
BRH:0
end_of_record
TN:
SF:src\middleware\auth-user.ts
FN:13,(anonymous_8)
FN:17,(anonymous_9)
FN:31,(anonymous_10)
FN:35,(anonymous_11)
FNF:4
FNH:4
FNDA:2,(anonymous_8)
FNDA:2,(anonymous_9)
FNDA:1,(anonymous_10)
FNDA:1,(anonymous_11)
DA:2,1
DA:13,1
DA:17,2
DA:18,2
DA:19,2
DA:20,2
DA:21,2
DA:22,0
DA:23,2
DA:24,2
DA:25,2
DA:27,0
DA:31,1
DA:35,1
DA:36,1
DA:37,1
DA:38,1
DA:39,1
DA:40,1
DA:41,1
DA:43,0
LF:21
LH:18
BRDA:21,0,0,0
BRDA:37,1,0,0
BRDA:37,1,1,1
BRDA:37,2,0,1
BRDA:37,2,1,1
BRF:5
BRH:3
end_of_record
TN:
SF:src\middleware\auth.ts
FN:22,(anonymous_8)
FN:22,(anonymous_9)
FN:53,(anonymous_10)
FN:53,(anonymous_11)
FNF:4
FNH:0
FNDA:0,(anonymous_8)
FNDA:0,(anonymous_9)
FNDA:0,(anonymous_10)
FNDA:0,(anonymous_11)
DA:1,1
DA:2,1
DA:3,1
DA:4,1
DA:5,1
DA:6,1
DA:7,1
DA:12,1
DA:14,1
DA:22,0
DA:23,0
DA:24,0
DA:25,0
DA:26,0
DA:28,0
DA:29,0
DA:35,0
DA:36,0
DA:38,0
DA:46,1
DA:53,0
DA:54,0
DA:55,0
DA:57,0
DA:58,0
DA:61,0
DA:63,0
DA:64,0
DA:67,0
DA:69,0
DA:75,1
DA:91,1
DA:93,1
LF:33
LH:13
BRDA:57,0,0,0
BRDA:63,1,0,0
BRF:2
BRH:0
end_of_record
TN:
SF:src\middleware\error.middleware.ts
FN:3,(anonymous_0)
FNF:1
FNH:0
FNDA:0,(anonymous_0)
DA:3,1
DA:9,0
DA:10,0
DA:11,0
DA:16,0
DA:19,1
LF:6
LH:2
BRDA:9,0,0,0
BRDA:9,0,1,0
BRDA:10,1,0,0
BRDA:10,1,1,0
BRF:4
BRH:0
end_of_record
TN:
SF:src\middleware\index.ts
FN:8,(anonymous_7)
FN:12,(anonymous_8)
FN:26,(anonymous_9)
FN:30,(anonymous_10)
FNF:4
FNH:2
FNDA:0,(anonymous_7)
FNDA:0,(anonymous_8)
FNDA:1,(anonymous_9)
FNDA:1,(anonymous_10)
DA:2,1
DA:4,1
DA:8,1
DA:12,0
DA:13,0
DA:14,0
DA:15,0
DA:16,0
DA:17,0
DA:22,0
DA:26,1
DA:30,1
DA:31,1
DA:32,1
DA:33,0
DA:34,0
DA:35,0
DA:37,1
LF:18
LH:8
BRDA:15,0,0,0
BRDA:32,1,0,0
BRDA:32,1,1,1
BRF:3
BRH:1
end_of_record
TN:
SF:src\models\blogModels.ts
FNF:0
FNH:0
DA:1,1
DA:4,1
DA:38,1
LF:3
LH:3
BRF:0
BRH:0
end_of_record
TN:
SF:src\models\commentModel.ts
FNF:0
FNH:0
DA:1,1
DA:4,1
DA:22,1
LF:3
LH:3
BRF:0
BRH:0
end_of_record
TN:
SF:src\models\message.ts
FNF:0
FNH:0
DA:1,1
DA:4,1
DA:22,1
LF:3
LH:3
BRF:0
BRH:0
end_of_record
TN:
SF:src\models\userAuth.ts
FN:41,(anonymous_8)
FN:54,(anonymous_10)
FNF:2
FNH:2
FNDA:2,(anonymous_8)
FNDA:1,(anonymous_10)
DA:1,1
DA:3,1
DA:15,1
DA:41,1
DA:42,2
DA:43,2
DA:44,1
DA:46,1
DA:47,1
DA:49,0
DA:54,1
DA:55,1
DA:56,1
DA:57,1
DA:59,0
DA:60,0
DA:64,1
LF:17
LH:14
BRDA:43,0,0,1
BRF:1
BRH:1
end_of_record
TN:
SF:src\routes\protected\BlogRoutes.ts
FNF:0
FNH:0
DA:1,1
DA:2,1
DA:4,1
DA:6,1
DA:7,1
DA:14,1
DA:16,1
DA:17,1
DA:18,1
DA:22,1
DA:31,1
DA:37,1
DA:44,1
DA:51,1
LF:14
LH:14
BRF:0
BRH:0
end_of_record
TN:
SF:src\routes\protected\commentRoutes.ts
FNF:0
FNH:0
DA:1,1
DA:3,1
DA:5,1
DA:6,1
DA:7,1
DA:9,1
DA:11,1
DA:18,1
DA:26,1
LF:9
LH:9
BRF:0
BRH:0
end_of_record
TN:
SF:src\routes\public\Auth.ts
FN:28,(anonymous_8)
FN:28,(anonymous_9)
FN:60,(anonymous_10)
FN:60,(anonymous_11)
FNF:4
FNH:4
FNDA:3,(anonymous_8)
FNDA:3,(anonymous_9)
FNDA:3,(anonymous_10)
FNDA:3,(anonymous_11)
DA:1,1
DA:2,1
DA:3,1
DA:4,1
DA:5,1
DA:7,1
DA:19,1
DA:28,3
DA:29,3
DA:31,3
DA:33,2
DA:34,2
DA:35,2
DA:38,2
DA:39,2
DA:40,1
DA:46,1
DA:47,1
DA:48,1
DA:49,1
DA:50,1
DA:57,1
DA:60,3
DA:61,3
DA:62,3
DA:63,2
DA:65,2
DA:67,2
DA:68,2
DA:69,1
DA:73,1
DA:75,1
DA:77,1
DA:78,0
DA:82,1
DA:83,1
DA:85,1
DA:92,0
DA:96,1
LF:39
LH:37
BRDA:31,0,0,1
BRDA:39,1,0,1
BRDA:62,2,0,1
BRDA:68,3,0,1
BRDA:77,4,0,0
BRF:5
BRH:4
end_of_record
TN:
SF:src\routes\public\blogRoutes.ts
FNF:0
FNH:0
DA:1,1
DA:3,1
DA:4,1
DA:6,1
DA:7,1
DA:9,1
LF:6
LH:6
BRF:0
BRH:0
end_of_record
TN:
SF:src\routes\public\messages.ts
FNF:0
FNH:0
DA:1,1
DA:2,1
DA:7,1
DA:9,1
DA:11,1
DA:12,1
DA:13,1
DA:15,1
LF:8
LH:8
BRF:0
BRH:0
end_of_record
TN:
SF:src\services\services.ts
FN:14,(anonymous_0)
FN:17,(anonymous_1)
FNF:2
FNH:0
FNDA:0,(anonymous_0)
FNDA:0,(anonymous_1)
DA:1,1
DA:2,1
DA:3,1
DA:5,1
DA:6,1
DA:7,1
DA:9,1
DA:14,1
DA:15,0
DA:17,1
LF:10
LH:9
BRF:0
BRH:0
end_of_record
TN:
SF:src\validation\validation.ts
FN:6,(anonymous_8)
FN:22,(anonymous_9)
FN:26,(anonymous_10)
FN:41,(anonymous_11)
FN:45,(anonymous_12)
FNF:5
FNH:5
FNDA:1,(anonymous_8)
FNDA:2,(anonymous_9)
FNDA:2,(anonymous_10)
FNDA:1,(anonymous_11)
FNDA:1,(anonymous_12)
DA:1,1
DA:6,1
DA:7,1
DA:13,1
DA:16,1
DA:22,1
DA:26,2
DA:27,2
DA:28,2
DA:29,1
DA:32,1
DA:36,1
DA:41,1
DA:45,1
DA:46,1
DA:47,1
DA:48,1
LF:17
LH:17
BRDA:28,0,0,1
BRDA:47,1,0,0
BRF:2
BRH:1
end_of_record
