TN:
SF:passport-config.ts
FN:10,(anonymous_7)
FN:12,(anonymous_8)
FN:12,(anonymous_9)
FNF:3
FNH:3
FNDA:1,(anonymous_7)
FNDA:6,(anonymous_8)
FNDA:6,(anonymous_9)
DA:1,1
DA:2,1
DA:3,1
DA:5,1
DA:10,1
DA:11,1
DA:12,6
DA:13,6
DA:14,6
DA:15,6
DA:17,0
LF:11
LH:10
BRDA:14,0,0,6
BRF:1
BRH:1
end_of_record
TN:
SF:src\app.ts
FNF:0
FNH:0
DA:1,1
DA:2,1
DA:3,1
DA:4,1
DA:5,1
DA:6,1
DA:7,1
DA:8,1
DA:9,1
DA:10,1
DA:11,1
DA:13,1
DA:15,1
DA:17,1
DA:20,1
DA:23,1
DA:24,1
DA:27,1
DA:29,1
DA:31,1
DA:33,1
DA:35,1
LF:22
LH:22
BRF:0
BRH:0
end_of_record
TN:
SF:src\controllers\comment.ts
FN:15,(anonymous_7)
FN:15,(anonymous_8)
FN:45,(anonymous_9)
FN:45,(anonymous_10)
FN:56,(anonymous_11)
FN:56,(anonymous_12)
FNF:6
FNH:2
FNDA:3,(anonymous_7)
FNDA:3,(anonymous_8)
FNDA:0,(anonymous_9)
FNDA:0,(anonymous_10)
FNDA:0,(anonymous_11)
FNDA:0,(anonymous_12)
DA:3,1
DA:4,1
DA:15,3
DA:16,3
DA:17,3
DA:18,2
DA:19,2
DA:24,2
DA:25,2
DA:26,2
DA:27,2
DA:35,2
DA:39,1
DA:40,1
DA:41,1
DA:45,1
DA:46,0
DA:47,0
DA:48,0
DA:49,0
DA:51,0
DA:52,0
DA:56,1
DA:57,0
DA:58,0
DA:59,0
DA:60,0
DA:62,0
DA:63,0
LF:29
LH:17
BRDA:18,0,0,0
BRF:1
BRH:0
end_of_record
TN:
SF:src\controllers\controller.ts
FN:15,(anonymous_7)
FN:19,(anonymous_8)
FN:33,(anonymous_9)
FN:54,(anonymous_10)
FN:54,(anonymous_11)
FN:59,(anonymous_12)
FN:59,(anonymous_13)
FN:73,(anonymous_14)
FN:77,(anonymous_15)
FN:100,(anonymous_16)
FN:100,(anonymous_17)
FN:111,(anonymous_18)
FN:137,(anonymous_19)
FN:137,(anonymous_20)
FNF:14
FNH:8
FNDA:1,(anonymous_7)
FNDA:1,(anonymous_8)
FNDA:0,(anonymous_9)
FNDA:1,(anonymous_10)
FNDA:1,(anonymous_11)
FNDA:1,(anonymous_12)
FNDA:1,(anonymous_13)
FNDA:0,(anonymous_14)
FNDA:0,(anonymous_15)
FNDA:0,(anonymous_16)
FNDA:0,(anonymous_17)
FNDA:0,(anonymous_18)
FNDA:1,(anonymous_19)
FNDA:1,(anonymous_20)
DA:1,1
DA:4,1
DA:15,1
DA:19,1
DA:20,1
DA:21,1
DA:27,1
DA:28,0
DA:29,0
DA:30,0
DA:34,0
DA:35,0
DA:36,0
DA:38,0
DA:39,0
DA:42,0
DA:44,1
DA:46,0
DA:47,0
DA:49,0
DA:50,0
DA:54,1
DA:55,1
DA:56,1
DA:59,1
DA:60,1
DA:61,1
DA:65,1
DA:67,0
DA:68,0
DA:73,1
DA:77,0
DA:78,0
DA:79,0
DA:80,0
DA:81,0
DA:82,0
DA:83,0
DA:84,0
DA:87,0
DA:89,0
DA:90,0
DA:94,0
DA:100,1
DA:101,0
DA:102,0
DA:104,0
DA:105,0
DA:106,0
DA:107,0
DA:108,0
DA:112,0
DA:113,0
DA:114,0
DA:116,0
DA:117,0
DA:120,0
DA:122,0
DA:124,0
DA:125,0
DA:126,0
DA:128,0
DA:129,0
DA:132,0
DA:133,0
DA:137,1
DA:138,1
DA:139,1
DA:140,1
DA:141,1
DA:143,0
DA:144,0
LF:72
LH:22
BRDA:27,0,0,0
BRDA:27,0,1,1
BRDA:34,1,0,0
BRDA:81,2,0,0
BRDA:81,2,1,0
BRDA:83,3,0,0
BRDA:104,4,0,0
BRDA:105,5,0,0
BRDA:105,5,1,0
BRDA:112,6,0,0
BRF:10
BRH:1
end_of_record
TN:
SF:src\controllers\message.ts
FN:5,(anonymous_7)
FN:9,(anonymous_8)
FN:24,(anonymous_9)
FN:24,(anonymous_10)
FN:29,(anonymous_11)
FN:29,(anonymous_12)
FNF:6
FNH:4
FNDA:1,(anonymous_7)
FNDA:1,(anonymous_8)
FNDA:1,(anonymous_9)
FNDA:1,(anonymous_10)
FNDA:0,(anonymous_11)
FNDA:0,(anonymous_12)
DA:1,1
DA:5,1
DA:9,1
DA:10,1
DA:11,1
DA:16,1
DA:17,1
DA:19,0
DA:20,0
DA:24,1
DA:25,1
DA:26,1
DA:29,1
DA:30,0
DA:31,0
DA:32,0
DA:33,0
DA:35,0
DA:36,0
LF:19
LH:11
BRF:0
BRH:0
end_of_record
TN:
SF:src\middleware\auth-user.ts
FN:13,(anonymous_8)
FN:17,(anonymous_9)
FN:31,(anonymous_10)
FN:35,(anonymous_11)
FNF:4
FNH:4
FNDA:2,(anonymous_8)
FNDA:2,(anonymous_9)
FNDA:4,(anonymous_10)
FNDA:4,(anonymous_11)
DA:2,1
DA:13,1
DA:17,2
DA:18,2
DA:19,2
DA:20,2
DA:21,2
DA:22,0
DA:23,2
DA:24,2
DA:25,2
DA:27,0
DA:31,1
DA:35,4
DA:36,4
DA:37,4
DA:38,4
DA:39,4
DA:40,4
DA:41,4
DA:43,0
LF:21
LH:18
BRDA:21,0,0,0
BRDA:37,1,0,0
BRDA:37,1,1,4
BRDA:37,2,0,4
BRDA:37,2,1,4
BRF:5
BRH:3
end_of_record
TN:
SF:src\middleware\auth.ts
FN:22,(anonymous_8)
FN:22,(anonymous_9)
FN:53,(anonymous_10)
FN:53,(anonymous_11)
FNF:4
FNH:0
FNDA:0,(anonymous_8)
FNDA:0,(anonymous_9)
FNDA:0,(anonymous_10)
FNDA:0,(anonymous_11)
DA:1,1
DA:2,1
DA:3,1
DA:4,1
DA:5,1
DA:6,1
DA:7,1
DA:12,1
DA:14,1
DA:22,0
DA:23,0
DA:24,0
DA:25,0
DA:26,0
DA:28,0
DA:29,0
DA:35,0
DA:36,0
DA:38,0
DA:46,1
DA:53,0
DA:54,0
DA:55,0
DA:57,0
DA:58,0
DA:61,0
DA:63,0
DA:64,0
DA:67,0
DA:69,0
DA:75,1
DA:91,1
DA:93,1
LF:33
LH:13
BRDA:57,0,0,0
BRDA:63,1,0,0
BRF:2
BRH:0
end_of_record
TN:
SF:src\middleware\error.middleware.ts
FN:3,(anonymous_0)
FNF:1
FNH:0
FNDA:0,(anonymous_0)
DA:3,1
DA:9,0
DA:10,0
DA:11,0
DA:18,1
LF:5
LH:2
BRDA:9,0,0,0
BRDA:9,0,1,0
BRDA:10,1,0,0
BRDA:10,1,1,0
BRF:4
BRH:0
end_of_record
TN:
SF:src\middleware\index.ts
FN:8,(anonymous_7)
FN:12,(anonymous_8)
FN:26,(anonymous_9)
FN:30,(anonymous_10)
FNF:4
FNH:2
FNDA:0,(anonymous_7)
FNDA:0,(anonymous_8)
FNDA:1,(anonymous_9)
FNDA:1,(anonymous_10)
DA:2,1
DA:4,1
DA:8,1
DA:12,0
DA:13,0
DA:14,0
DA:15,0
DA:16,0
DA:17,0
DA:22,0
DA:26,1
DA:30,1
DA:31,1
DA:32,1
DA:33,0
DA:34,0
DA:35,0
DA:37,1
LF:18
LH:8
BRDA:15,0,0,0
BRDA:32,1,0,0
BRDA:32,1,1,1
BRF:3
BRH:1
end_of_record
TN:
SF:src\models\blogModels.ts
FNF:0
FNH:0
DA:1,1
DA:4,1
DA:38,1
LF:3
LH:3
BRF:0
BRH:0
end_of_record
TN:
SF:src\models\commentModel.ts
FNF:0
FNH:0
DA:1,1
DA:4,1
DA:22,1
LF:3
LH:3
BRF:0
BRH:0
end_of_record
TN:
SF:src\models\message.ts
FNF:0
FNH:0
DA:1,1
DA:4,1
DA:18,1
LF:3
LH:3
BRF:0
BRH:0
end_of_record
TN:
SF:src\models\userAuth.ts
FN:40,(anonymous_8)
FN:53,(anonymous_10)
FNF:2
FNH:2
FNDA:2,(anonymous_8)
FNDA:2,(anonymous_10)
DA:1,1
DA:3,1
DA:14,1
DA:40,1
DA:41,2
DA:42,2
DA:43,1
DA:45,1
DA:46,1
DA:48,0
DA:53,1
DA:54,2
DA:55,2
DA:56,2
DA:58,0
DA:59,0
DA:63,1
LF:17
LH:14
BRDA:42,0,0,1
BRF:1
BRH:1
end_of_record
TN:
SF:src\routes\protected\BlogRoutes.ts
FNF:0
FNH:0
DA:1,1
DA:2,1
DA:4,1
DA:6,1
DA:7,1
DA:14,1
DA:16,1
DA:17,1
DA:18,1
DA:22,1
DA:31,1
DA:38,1
DA:45,1
DA:52,1
LF:14
LH:14
BRF:0
BRH:0
end_of_record
TN:
SF:src\routes\protected\commentRoutes.ts
FNF:0
FNH:0
DA:1,1
DA:3,1
DA:5,1
DA:6,1
DA:7,1
DA:9,1
DA:11,1
DA:19,1
LF:8
LH:8
BRF:0
BRH:0
end_of_record
TN:
SF:src\routes\public\Auth.ts
FN:28,(anonymous_8)
FN:28,(anonymous_9)
FN:56,(anonymous_10)
FN:56,(anonymous_11)
FNF:4
FNH:4
FNDA:3,(anonymous_8)
FNDA:3,(anonymous_9)
FNDA:4,(anonymous_10)
FNDA:4,(anonymous_11)
DA:1,1
DA:2,1
DA:3,1
DA:4,1
DA:5,1
DA:7,1
DA:19,1
DA:28,3
DA:29,3
DA:30,3
DA:32,3
DA:34,2
DA:35,2
DA:36,2
DA:39,2
DA:40,2
DA:41,1
DA:47,1
DA:48,1
DA:49,1
DA:50,1
DA:51,1
DA:53,1
DA:56,4
DA:57,4
DA:58,4
DA:59,3
DA:61,3
DA:63,3
DA:64,3
DA:65,3
DA:66,1
DA:71,2
DA:72,2
DA:74,2
DA:75,2
DA:77,2
DA:78,1
DA:82,1
DA:83,1
DA:85,1
DA:87,0
DA:91,1
LF:43
LH:42
BRDA:32,0,0,1
BRDA:40,1,0,1
BRDA:58,2,0,1
BRDA:65,3,0,1
BRDA:77,4,0,1
BRF:5
BRH:5
end_of_record
TN:
SF:src\routes\public\blogRoutes.ts
FNF:0
FNH:0
DA:1,1
DA:3,1
DA:4,1
DA:6,1
DA:7,1
DA:9,1
LF:6
LH:6
BRF:0
BRH:0
end_of_record
TN:
SF:src\routes\public\messages.ts
FNF:0
FNH:0
DA:1,1
DA:2,1
DA:7,1
DA:9,1
DA:11,1
DA:12,1
DA:13,1
DA:15,1
LF:8
LH:8
BRF:0
BRH:0
end_of_record
TN:
SF:src\services\services.ts
FN:14,(anonymous_0)
FN:17,(anonymous_1)
FNF:2
FNH:0
FNDA:0,(anonymous_0)
FNDA:0,(anonymous_1)
DA:1,1
DA:2,1
DA:3,1
DA:5,1
DA:6,1
DA:7,1
DA:9,1
DA:14,1
DA:15,0
DA:17,1
LF:10
LH:9
BRF:0
BRH:0
end_of_record
TN:
SF:src\validation\validation.ts
FN:6,(anonymous_8)
FN:21,(anonymous_9)
FN:25,(anonymous_10)
FN:40,(anonymous_11)
FN:44,(anonymous_12)
FNF:5
FNH:5
FNDA:1,(anonymous_8)
FNDA:2,(anonymous_9)
FNDA:2,(anonymous_10)
FNDA:4,(anonymous_11)
FNDA:4,(anonymous_12)
DA:1,1
DA:6,1
DA:7,1
DA:13,1
DA:16,1
DA:21,1
DA:25,2
DA:26,2
DA:27,2
DA:28,1
DA:31,1
DA:35,1
DA:40,1
DA:44,4
DA:45,4
DA:46,4
DA:47,3
LF:17
LH:17
BRDA:27,0,0,1
BRDA:46,1,0,1
BRF:2
BRH:2
end_of_record
